2023-05-07 00:00:23.013 INFO  --- [MqProduce.java:34][SimpleAsyncTaskExecutor-3] - 消息发送成功: ==>> 
唯一标识: 0f58649b-3b9c-4b5f-a4b6-9c78c8594141 
消息内容{"actionRecycleList":[],"actionType":{"busTableComments":"","busTableHasDelFlag":true,"busTableId":"1290867985774919713","busTableName":"sys_dict_item","delFlag":"0","value":"logout"},"busTableComments":"","busTableHasDelFlag":true,"busTableId":"1220000000000000005","busTableName":"sys_action","createBy":"超级管理员(super)","createDate":"2023-05-07 00:00:22","delFlag":"0","id":"1511048281617989634","objectComments":"","objectId":"1000","objectName":"超级管理员","objectType":"sys_user","status":"0","updateBy":"超级管理员(super)","updateDate":"2023-05-07 00:00:22"}
2023-05-07 00:00:23.266 INFO  --- [MqConsum.java:30][ConsumeMessageThread_ACTION-LOG-GROUP-cloud-eb-oec-application-fm_1] - 消息消费成功: ==>>  MyMessage(id=0f58649b-3b9c-4b5f-a4b6-9c78c8594141, message={"actionRecycleList":[],"actionType":{"busTableComments":"","busTableHasDelFlag":true,"busTableId":"1290867985774919713","busTableName":"sys_dict_item","delFlag":"0","value":"logout"},"busTableComments":"","busTableHasDelFlag":true,"busTableId":"1220000000000000005","busTableName":"sys_action","createBy":"超级管理员(super)","createDate":"2023-05-07 00:00:22","delFlag":"0","id":"1511048281617989634","objectComments":"","objectId":"1000","objectName":"超级管理员","objectType":"sys_user","status":"0","updateBy":"超级管理员(super)","updateDate":"2023-05-07 00:00:22"})
2023-05-07 00:00:27.798 INFO  --- [MqProduce.java:34][SimpleAsyncTaskExecutor-4] - 消息发送成功: ==>> 
唯一标识: 82132598-9a03-4705-8b67-0923bab7a59a 
消息内容{"actionRecycleList":[],"actionType":{"busTableComments":"","busTableHasDelFlag":true,"busTableId":"1290867985774919713","busTableName":"sys_dict_item","delFlag":"0","value":"login"},"busTableComments":"","busTableHasDelFlag":true,"busTableId":"1220000000000000005","busTableName":"sys_action","createBy":"李鑫林(lxl)","createDate":"2023-05-07 00:00:27","delFlag":"0","id":"1511048281617989635","objectComments":"","objectId":"1467557202255437951","objectName":"李鑫林","objectType":"sys_user","status":"0","updateBy":"李鑫林(lxl)","updateDate":"2023-05-07 00:00:27"}
2023-05-07 00:00:28.013 INFO  --- [MqConsum.java:30][ConsumeMessageThread_ACTION-LOG-GROUP-cloud-eb-oec-application-fm_1] - 消息消费成功: ==>>  MyMessage(id=82132598-9a03-4705-8b67-0923bab7a59a, message={"actionRecycleList":[],"actionType":{"busTableComments":"","busTableHasDelFlag":true,"busTableId":"1290867985774919713","busTableName":"sys_dict_item","delFlag":"0","value":"login"},"busTableComments":"","busTableHasDelFlag":true,"busTableId":"1220000000000000005","busTableName":"sys_action","createBy":"李鑫林(lxl)","createDate":"2023-05-07 00:00:27","delFlag":"0","id":"1511048281617989635","objectComments":"","objectId":"1467557202255437951","objectName":"李鑫林","objectType":"sys_user","status":"0","updateBy":"李鑫林(lxl)","updateDate":"2023-05-07 00:00:27"})
2023-05-07 00:11:00.553 INFO  --- [MqProduce.java:34][SimpleAsyncTaskExecutor-5] - 消息发送成功: ==>> 
唯一标识: 30509329-06de-4d14-901c-5b3c3cc1ceea 
消息内容{"actionRecycleList":[],"actionType":{"busTableComments":"","busTableHasDelFlag":true,"busTableId":"1290867985774919713","busTableName":"sys_dict_item","delFlag":"0","value":"login"},"busTableComments":"","busTableHasDelFlag":true,"busTableId":"1220000000000000005","busTableName":"sys_action","createBy":"李鑫林(lxl)","createDate":"2023-05-07 00:11:00","delFlag":"0","id":"1511048281617989646","objectComments":"","objectId":"1467557202255437951","objectName":"李鑫林","objectType":"sys_user","status":"0","updateBy":"李鑫林(lxl)","updateDate":"2023-05-07 00:11:00"}
2023-05-07 00:11:24.251 INFO  --- [MqProduce.java:34][SimpleAsyncTaskExecutor-6] - 消息发送成功: ==>> 
唯一标识: 6d8efc2b-a224-41b1-ac2a-befa71c19e5a 
消息内容{"actionRecycleList":[],"actionType":{"busTableComments":"","busTableHasDelFlag":true,"busTableId":"1290867985774919713","busTableName":"sys_dict_item","delFlag":"0","value":"login"},"busTableComments":"","busTableHasDelFlag":true,"busTableId":"1220000000000000005","busTableName":"sys_action","createBy":"李鑫林(lxl)","createDate":"2023-05-07 00:11:24","delFlag":"0","id":"1511048281617989647","objectComments":"","objectId":"1467557202255437951","objectName":"李鑫林","objectType":"sys_user","status":"0","updateBy":"李鑫林(lxl)","updateDate":"2023-05-07 00:11:24"}
2023-05-07 00:18:26.764 INFO  --- [MqProduce.java:34][SimpleAsyncTaskExecutor-7] - 消息发送成功: ==>> 
唯一标识: d1e108bd-f2f9-4cd0-b803-6658661a5acc 
消息内容{"actionRecycleList":[],"actionType":{"busTableComments":"","busTableHasDelFlag":true,"busTableId":"1290867985774919713","busTableName":"sys_dict_item","delFlag":"0","value":"login"},"busTableComments":"","busTableHasDelFlag":true,"busTableId":"1220000000000000005","busTableName":"sys_action","createBy":"李鑫林(lxl)","createDate":"2023-05-07 00:18:26","delFlag":"0","id":"1511048281617989648","objectComments":"","objectId":"1467557202255437951","objectName":"李鑫林","objectType":"sys_user","status":"0","updateBy":"李鑫林(lxl)","updateDate":"2023-05-07 00:18:26"}
2023-05-07 00:18:32.004 INFO  --- [MqConsum.java:30][ConsumeMessageThread_ACTION-LOG-GROUP-cloud-eb-oec-application-fm_1] - 消息消费成功: ==>>  MyMessage(id=d1e108bd-f2f9-4cd0-b803-6658661a5acc, message={"actionRecycleList":[],"actionType":{"busTableComments":"","busTableHasDelFlag":true,"busTableId":"1290867985774919713","busTableName":"sys_dict_item","delFlag":"0","value":"login"},"busTableComments":"","busTableHasDelFlag":true,"busTableId":"1220000000000000005","busTableName":"sys_action","createBy":"李鑫林(lxl)","createDate":"2023-05-07 00:18:26","delFlag":"0","id":"1511048281617989648","objectComments":"","objectId":"1467557202255437951","objectName":"李鑫林","objectType":"sys_user","status":"0","updateBy":"李鑫林(lxl)","updateDate":"2023-05-07 00:18:26"})
2023-05-07 00:18:49.895 INFO  --- [MqProduce.java:34][SimpleAsyncTaskExecutor-8] - 消息发送成功: ==>> 
唯一标识: b77d518a-2683-4bc6-bb7e-9e69c666bbca 
消息内容{"actionRecycleList":[],"actionType":{"busTableComments":"","busTableHasDelFlag":true,"busTableId":"1290867985774919713","busTableName":"sys_dict_item","delFlag":"0","value":"login"},"busTableComments":"","busTableHasDelFlag":true,"busTableId":"1220000000000000005","busTableName":"sys_action","createBy":"李鑫林(lxl)","createDate":"2023-05-07 00:18:49","delFlag":"0","id":"1511048281617989649","objectComments":"","objectId":"1467557202255437951","objectName":"李鑫林","objectType":"sys_user","status":"0","updateBy":"李鑫林(lxl)","updateDate":"2023-05-07 00:18:49"}
2023-05-07 01:07:43.542 INFO  --- [MqProduce.java:34][SimpleAsyncTaskExecutor-1] - 消息发送成功: ==>> 
唯一标识: 75291293-0e49-41d9-a04d-a9165babd5d5 
消息内容{"actionRecycleList":[],"actionType":{"busTableComments":"","busTableHasDelFlag":true,"busTableId":"1290867985774919713","busTableName":"sys_dict_item","delFlag":"0","value":"login"},"busTableComments":"","busTableHasDelFlag":true,"busTableId":"1220000000000000005","busTableName":"sys_action","createBy":"李鑫林(lxl)","createDate":"2023-05-07 01:07:42","delFlag":"0","id":"1511127927491543040","objectComments":"","objectId":"1467557202255437951","objectName":"李鑫林","objectType":"sys_user","status":"0","updateBy":"李鑫林(lxl)","updateDate":"2023-05-07 01:07:42"}
2023-05-07 23:23:57.800 INFO  --- [MqProduce.java:34][SimpleAsyncTaskExecutor-1] - 消息发送成功: ==>> 
唯一标识: 1cfaf620-3991-4238-9ac9-3cfa7da56890 
消息内容{"actionRecycleList":[],"actionType":{"busTableComments":"","busTableHasDelFlag":true,"busTableId":"1290867985774919713","busTableName":"sys_dict_item","delFlag":"0","value":"login"},"busTableComments":"","busTableHasDelFlag":true,"busTableId":"1220000000000000005","busTableName":"sys_action","createBy":"李鑫林(lxl)","createDate":"2023-05-07 23:23:57","delFlag":"0","id":"1512455295724314654","objectComments":"","objectId":"1467557202255437951","objectName":"李鑫林","objectType":"sys_user","status":"0","updateBy":"李鑫林(lxl)","updateDate":"2023-05-07 23:23:57"}
2023-05-07 23:42:47.553 INFO  --- [MqProduce.java:34][SimpleAsyncTaskExecutor-2] - 消息发送成功: ==>> 
唯一标识: a1ff38f9-e2b0-4bab-8398-47324ec00de7 
消息内容{"actionRecycleList":[],"actionType":{"busTableComments":"","busTableHasDelFlag":true,"busTableId":"1290867985774919713","busTableName":"sys_dict_item","delFlag":"0","value":"login"},"busTableComments":"","busTableHasDelFlag":true,"busTableId":"1220000000000000005","busTableName":"sys_action","createBy":"李鑫林(lxl)","createDate":"2023-05-07 23:42:47","delFlag":"0","id":"1512455295724314665","objectComments":"","objectId":"1467557202255437951","objectName":"李鑫林","objectType":"sys_user","status":"0","updateBy":"李鑫林(lxl)","updateDate":"2023-05-07 23:42:47"}
2023-05-07 23:42:52.822 INFO  --- [MqConsum.java:30][ConsumeMessageThread_ACTION-LOG-GROUP-cloud-eb-oec-application-fm_1] - 消息消费成功: ==>>  MyMessage(id=a1ff38f9-e2b0-4bab-8398-47324ec00de7, message={"actionRecycleList":[],"actionType":{"busTableComments":"","busTableHasDelFlag":true,"busTableId":"1290867985774919713","busTableName":"sys_dict_item","delFlag":"0","value":"login"},"busTableComments":"","busTableHasDelFlag":true,"busTableId":"1220000000000000005","busTableName":"sys_action","createBy":"李鑫林(lxl)","createDate":"2023-05-07 23:42:47","delFlag":"0","id":"1512455295724314665","objectComments":"","objectId":"1467557202255437951","objectName":"李鑫林","objectType":"sys_user","status":"0","updateBy":"李鑫林(lxl)","updateDate":"2023-05-07 23:42:47"})
2023-05-07 23:43:05.009 INFO  --- [MqProduce.java:34][SimpleAsyncTaskExecutor-3] - 消息发送成功: ==>> 
唯一标识: c20d80a2-b908-402b-87f5-a04b90ed5e80 
消息内容{"actionRecycleList":[],"actionType":{"busTableComments":"","busTableHasDelFlag":true,"busTableId":"1290867985774919713","busTableName":"sys_dict_item","delFlag":"0","value":"login"},"busTableComments":"","busTableHasDelFlag":true,"busTableId":"1220000000000000005","busTableName":"sys_action","createBy":"李鑫林(lxl)","createDate":"2023-05-07 23:43:04","delFlag":"0","id":"1512455295724314666","objectComments":"","objectId":"1467557202255437951","objectName":"李鑫林","objectType":"sys_user","status":"0","updateBy":"李鑫林(lxl)","updateDate":"2023-05-07 23:43:04"}
