2023-04-25 10:43:57.162 INFO  --- [MqProduce.java:34][SimpleAsyncTaskExecutor-1] - 消息发送成功: ==>> 
唯一标识: e9a08bd2-15d0-4aea-a44b-2fc34e4fc8df 
消息内容{"actionRecycleList":[],"actionType":{"busTableComments":"","busTableHasDelFlag":true,"busTableId":"1290867985774919713","busTableName":"sys_dict_item","delFlag":"0","value":"login"},"busTableComments":"","busTableHasDelFlag":true,"busTableId":"1220000000000000005","busTableName":"sys_action","createBy":"李鑫林(lxl)","createDate":"2023-04-25 10:43:56","delFlag":"0","id":"1493909060002955264","objectComments":"","objectId":"1467557202255437951","objectName":"李鑫林","objectType":"sys_user","status":"0","updateBy":"李鑫林(lxl)","updateDate":"2023-04-25 10:43:56"}
2023-04-25 10:43:57.420 INFO  --- [MqConsum.java:30][ConsumeMessageThread_ACTION-LOG-GROUP-cloud-eb-oec-application-fm_1] - 消息消费成功: ==>>  MyMessage(id=e9a08bd2-15d0-4aea-a44b-2fc34e4fc8df, message={"actionRecycleList":[],"actionType":{"busTableComments":"","busTableHasDelFlag":true,"busTableId":"1290867985774919713","busTableName":"sys_dict_item","delFlag":"0","value":"login"},"busTableComments":"","busTableHasDelFlag":true,"busTableId":"1220000000000000005","busTableName":"sys_action","createBy":"李鑫林(lxl)","createDate":"2023-04-25 10:43:56","delFlag":"0","id":"1493909060002955264","objectComments":"","objectId":"1467557202255437951","objectName":"李鑫林","objectType":"sys_user","status":"0","updateBy":"李鑫林(lxl)","updateDate":"2023-04-25 10:43:56"})
2023-04-25 11:03:51.131 INFO  --- [MqConsum.java:30][ConsumeMessageThread_ACTION-LOG-GROUP-cloud-eb-oec-application-fm_1] - 消息消费成功: ==>>  MyMessage(id=4bc739a5-614d-42fe-ad9f-51a7b7fba903, message={"actionRecycleList":[],"actionType":{"busTableComments":"","busTableHasDelFlag":true,"busTableId":"1290867985774919713","busTableName":"sys_dict_item","delFlag":"0","value":"login"},"busTableComments":"","busTableHasDelFlag":true,"busTableId":"1220000000000000005","busTableName":"sys_action","createBy":"系统管理员(system)","createDate":"2023-04-25 11:03:50","delFlag":"0","id":"1493927648621445121","objectComments":"","objectId":"1001","objectName":"系统管理员","objectType":"sys_user","status":"0","updateBy":"系统管理员(system)","updateDate":"2023-04-25 11:03:50"})
2023-04-25 13:06:05.670 INFO  --- [MqConsum.java:30][ConsumeMessageThread_ACTION-LOG-GROUP-cloud-eb-oec-application-fm_1] - 消息消费成功: ==>>  MyMessage(id=1ffc6299-229c-4baa-b6d9-ecf185ab39e3, message={"actionRecycleList":[],"actionType":{"busTableComments":"","busTableHasDelFlag":true,"busTableId":"1290867985774919713","busTableName":"sys_dict_item","delFlag":"0","value":"login"},"busTableComments":"","busTableHasDelFlag":true,"busTableId":"1220000000000000005","busTableName":"sys_action","createBy":"李鑫林(lxl)","createDate":"2023-04-25 13:06:06","delFlag":"0","id":"1493881675291451503","objectComments":"","objectId":"1467557202255437951","objectName":"李鑫林","objectType":"sys_user","status":"0","updateBy":"李鑫林(lxl)","updateDate":"2023-04-25 13:06:06"})
2023-04-25 13:36:07.226 INFO  --- [MqConsum.java:30][ConsumeMessageThread_ACTION-LOG-GROUP-cloud-eb-oec-application-fm_1] - 消息消费成功: ==>>  MyMessage(id=0c306d18-7f75-4142-8ebe-a1fe830bbc82, message={"actionRecycleList":[],"actionType":{"busTableComments":"","busTableHasDelFlag":true,"busTableId":"1290867985774919713","busTableName":"sys_dict_item","delFlag":"0","value":"login"},"busTableComments":"","busTableHasDelFlag":true,"busTableId":"1220000000000000005","busTableName":"sys_action","createBy":"超级管理员(super)","createDate":"2023-04-25 13:36:08","delFlag":"0","id":"1494073832128356353","objectComments":"","objectId":"1000","objectName":"超级管理员","objectType":"sys_user","status":"0","updateBy":"超级管理员(super)","updateDate":"2023-04-25 13:36:08"})
2023-04-25 13:39:04.741 INFO  --- [MqConsum.java:30][ConsumeMessageThread_ACTION-LOG-GROUP-cloud-eb-oec-application-fm_1] - 消息消费成功: ==>>  MyMessage(id=136648b4-f3e0-471b-b5ed-788c7f6d36ab, message={"actionRecycleList":[],"actionType":{"busTableComments":"","busTableHasDelFlag":true,"busTableId":"1290867985774919713","busTableName":"sys_dict_item","delFlag":"0","value":"created"},"busTableComments":"","busTableHasDelFlag":true,"busTableId":"1220000000000000005","busTableName":"sys_action","createBy":"超级管理员(super)","createDate":"2023-04-25 13:39:05","delFlag":"0","id":"1494073832128356365","objectComments":"","objectId":"1494073832128356364","objectName":"报表设计器-状态","objectType":"sys_dict_type","status":"0","updateBy":"超级管理员(super)","updateDate":"2023-04-25 13:39:05"})
2023-04-25 15:45:13.909 ERROR --- [MqConsum.java:32][ConsumeMessageThread_ACTION-LOG-GROUP-cloud-eb-oec-application-fm_1] - 【ERROR】消息消费失败: ==>>  MyMessage(id=2839aebb-a153-4df5-80b7-7e4e0e4ac3fb, message={"actionRecycleList":[],"actionType":{"busTableComments":"","busTableHasDelFlag":true,"busTableId":"1290867985774919713","busTableName":"sys_dict_item","delFlag":"0","value":"login"},"busTableComments":"","busTableHasDelFlag":true,"busTableId":"1220000000000000005","busTableName":"sys_action","createBy":"李鑫林(lxl)","createDate":"2023-04-25 15:15:58","delFlag":"0","id":"1494181841965965312","objectComments":"","objectId":"1467557202255437951","objectName":"李鑫林","objectType":"sys_user","status":"0","updateBy":"李鑫林(lxl)","updateDate":"2023-04-25 15:15:58"})
2023-04-25 15:45:13.910 ERROR --- [MqConsum.java:33][ConsumeMessageThread_ACTION-LOG-GROUP-cloud-eb-oec-application-fm_1] - 
### Error updating database.  Cause: java.sql.SQLIntegrityConstraintViolationException: Duplicate entry '1494181841965965312' for key 'PRIMARY'
### The error may exist in file [E:\work\program\90\fm\back\target\classes\mapper\sys\ActionDao.xml]
### The error may involve defaultParameterMap
### The error occurred while setting parameters
### SQL: INSERT INTO sys_action(      id,       action_type,       object_type,       object_id,       object_name,       object_comments,       status,       remarks,       create_by,       create_date,       update_by,       update_date,       del_flag      ) VALUES (      ?,       ?,       ?,       ?,       ?,       ?,       ?,       ?,       ?,       ?,       ?,       ?,       ?      )
### Cause: java.sql.SQLIntegrityConstraintViolationException: Duplicate entry '1494181841965965312' for key 'PRIMARY'
; Duplicate entry '1494181841965965312' for key 'PRIMARY'; nested exception is java.sql.SQLIntegrityConstraintViolationException: Duplicate entry '1494181841965965312' for key 'PRIMARY'
2023-04-25 15:45:15.134 ERROR --- [MqConsum.java:32][ConsumeMessageThread_ACTION-LOG-GROUP-cloud-eb-oec-application-fm_1] - 【ERROR】消息消费失败: ==>>  MyMessage(id=2839aebb-a153-4df5-80b7-7e4e0e4ac3fb, message={"actionRecycleList":[],"actionType":{"busTableComments":"","busTableHasDelFlag":true,"busTableId":"1290867985774919713","busTableName":"sys_dict_item","delFlag":"0","value":"login"},"busTableComments":"","busTableHasDelFlag":true,"busTableId":"1220000000000000005","busTableName":"sys_action","createBy":"李鑫林(lxl)","createDate":"2023-04-25 15:15:58","delFlag":"0","id":"1494181841965965312","objectComments":"","objectId":"1467557202255437951","objectName":"李鑫林","objectType":"sys_user","status":"0","updateBy":"李鑫林(lxl)","updateDate":"2023-04-25 15:15:58"})
2023-04-25 15:45:15.134 ERROR --- [MqConsum.java:33][ConsumeMessageThread_ACTION-LOG-GROUP-cloud-eb-oec-application-fm_1] - 
### Error updating database.  Cause: java.sql.SQLIntegrityConstraintViolationException: Duplicate entry '1494181841965965312' for key 'PRIMARY'
### The error may exist in file [E:\work\program\90\fm\back\target\classes\mapper\sys\ActionDao.xml]
### The error may involve defaultParameterMap
### The error occurred while setting parameters
### SQL: INSERT INTO sys_action(      id,       action_type,       object_type,       object_id,       object_name,       object_comments,       status,       remarks,       create_by,       create_date,       update_by,       update_date,       del_flag      ) VALUES (      ?,       ?,       ?,       ?,       ?,       ?,       ?,       ?,       ?,       ?,       ?,       ?,       ?      )
### Cause: java.sql.SQLIntegrityConstraintViolationException: Duplicate entry '1494181841965965312' for key 'PRIMARY'
; Duplicate entry '1494181841965965312' for key 'PRIMARY'; nested exception is java.sql.SQLIntegrityConstraintViolationException: Duplicate entry '1494181841965965312' for key 'PRIMARY'
2023-04-25 15:45:17.322 ERROR --- [MqConsum.java:32][ConsumeMessageThread_ACTION-LOG-GROUP-cloud-eb-oec-application-fm_1] - 【ERROR】消息消费失败: ==>>  MyMessage(id=2839aebb-a153-4df5-80b7-7e4e0e4ac3fb, message={"actionRecycleList":[],"actionType":{"busTableComments":"","busTableHasDelFlag":true,"busTableId":"1290867985774919713","busTableName":"sys_dict_item","delFlag":"0","value":"login"},"busTableComments":"","busTableHasDelFlag":true,"busTableId":"1220000000000000005","busTableName":"sys_action","createBy":"李鑫林(lxl)","createDate":"2023-04-25 15:15:58","delFlag":"0","id":"1494181841965965312","objectComments":"","objectId":"1467557202255437951","objectName":"李鑫林","objectType":"sys_user","status":"0","updateBy":"李鑫林(lxl)","updateDate":"2023-04-25 15:15:58"})
2023-04-25 15:45:17.323 ERROR --- [MqConsum.java:33][ConsumeMessageThread_ACTION-LOG-GROUP-cloud-eb-oec-application-fm_1] - 
### Error updating database.  Cause: java.sql.SQLIntegrityConstraintViolationException: Duplicate entry '1494181841965965312' for key 'PRIMARY'
### The error may exist in file [E:\work\program\90\fm\back\target\classes\mapper\sys\ActionDao.xml]
### The error may involve defaultParameterMap
### The error occurred while setting parameters
### SQL: INSERT INTO sys_action(      id,       action_type,       object_type,       object_id,       object_name,       object_comments,       status,       remarks,       create_by,       create_date,       update_by,       update_date,       del_flag      ) VALUES (      ?,       ?,       ?,       ?,       ?,       ?,       ?,       ?,       ?,       ?,       ?,       ?,       ?      )
### Cause: java.sql.SQLIntegrityConstraintViolationException: Duplicate entry '1494181841965965312' for key 'PRIMARY'
; Duplicate entry '1494181841965965312' for key 'PRIMARY'; nested exception is java.sql.SQLIntegrityConstraintViolationException: Duplicate entry '1494181841965965312' for key 'PRIMARY'
2023-04-25 15:53:16.560 ERROR --- [MqConsum.java:32][ConsumeMessageThread_ACTION-LOG-GROUP-cloud-eb-oec-application-fm_1] - 【ERROR】消息消费失败: ==>>  MyMessage(id=2839aebb-a153-4df5-80b7-7e4e0e4ac3fb, message={"actionRecycleList":[],"actionType":{"busTableComments":"","busTableHasDelFlag":true,"busTableId":"1290867985774919713","busTableName":"sys_dict_item","delFlag":"0","value":"login"},"busTableComments":"","busTableHasDelFlag":true,"busTableId":"1220000000000000005","busTableName":"sys_action","createBy":"李鑫林(lxl)","createDate":"2023-04-25 15:15:58","delFlag":"0","id":"1494181841965965312","objectComments":"","objectId":"1467557202255437951","objectName":"李鑫林","objectType":"sys_user","status":"0","updateBy":"李鑫林(lxl)","updateDate":"2023-04-25 15:15:58"})
2023-04-25 15:53:16.560 ERROR --- [MqConsum.java:33][ConsumeMessageThread_ACTION-LOG-GROUP-cloud-eb-oec-application-fm_1] - 
### Error updating database.  Cause: java.sql.SQLIntegrityConstraintViolationException: Duplicate entry '1494181841965965312' for key 'PRIMARY'
### The error may exist in file [E:\work\program\90\fm\back\target\classes\mapper\sys\ActionDao.xml]
### The error may involve defaultParameterMap
### The error occurred while setting parameters
### SQL: INSERT INTO sys_action(      id,       action_type,       object_type,       object_id,       object_name,       object_comments,       status,       remarks,       create_by,       create_date,       update_by,       update_date,       del_flag      ) VALUES (      ?,       ?,       ?,       ?,       ?,       ?,       ?,       ?,       ?,       ?,       ?,       ?,       ?      )
### Cause: java.sql.SQLIntegrityConstraintViolationException: Duplicate entry '1494181841965965312' for key 'PRIMARY'
; Duplicate entry '1494181841965965312' for key 'PRIMARY'; nested exception is java.sql.SQLIntegrityConstraintViolationException: Duplicate entry '1494181841965965312' for key 'PRIMARY'
2023-04-25 15:53:17.768 ERROR --- [MqConsum.java:32][ConsumeMessageThread_ACTION-LOG-GROUP-cloud-eb-oec-application-fm_1] - 【ERROR】消息消费失败: ==>>  MyMessage(id=2839aebb-a153-4df5-80b7-7e4e0e4ac3fb, message={"actionRecycleList":[],"actionType":{"busTableComments":"","busTableHasDelFlag":true,"busTableId":"1290867985774919713","busTableName":"sys_dict_item","delFlag":"0","value":"login"},"busTableComments":"","busTableHasDelFlag":true,"busTableId":"1220000000000000005","busTableName":"sys_action","createBy":"李鑫林(lxl)","createDate":"2023-04-25 15:15:58","delFlag":"0","id":"1494181841965965312","objectComments":"","objectId":"1467557202255437951","objectName":"李鑫林","objectType":"sys_user","status":"0","updateBy":"李鑫林(lxl)","updateDate":"2023-04-25 15:15:58"})
2023-04-25 15:53:17.768 ERROR --- [MqConsum.java:33][ConsumeMessageThread_ACTION-LOG-GROUP-cloud-eb-oec-application-fm_1] - 
### Error updating database.  Cause: java.sql.SQLIntegrityConstraintViolationException: Duplicate entry '1494181841965965312' for key 'PRIMARY'
### The error may exist in file [E:\work\program\90\fm\back\target\classes\mapper\sys\ActionDao.xml]
### The error may involve defaultParameterMap
### The error occurred while setting parameters
### SQL: INSERT INTO sys_action(      id,       action_type,       object_type,       object_id,       object_name,       object_comments,       status,       remarks,       create_by,       create_date,       update_by,       update_date,       del_flag      ) VALUES (      ?,       ?,       ?,       ?,       ?,       ?,       ?,       ?,       ?,       ?,       ?,       ?,       ?      )
### Cause: java.sql.SQLIntegrityConstraintViolationException: Duplicate entry '1494181841965965312' for key 'PRIMARY'
; Duplicate entry '1494181841965965312' for key 'PRIMARY'; nested exception is java.sql.SQLIntegrityConstraintViolationException: Duplicate entry '1494181841965965312' for key 'PRIMARY'
2023-04-25 15:53:19.975 ERROR --- [MqConsum.java:32][ConsumeMessageThread_ACTION-LOG-GROUP-cloud-eb-oec-application-fm_1] - 【ERROR】消息消费失败: ==>>  MyMessage(id=2839aebb-a153-4df5-80b7-7e4e0e4ac3fb, message={"actionRecycleList":[],"actionType":{"busTableComments":"","busTableHasDelFlag":true,"busTableId":"1290867985774919713","busTableName":"sys_dict_item","delFlag":"0","value":"login"},"busTableComments":"","busTableHasDelFlag":true,"busTableId":"1220000000000000005","busTableName":"sys_action","createBy":"李鑫林(lxl)","createDate":"2023-04-25 15:15:58","delFlag":"0","id":"1494181841965965312","objectComments":"","objectId":"1467557202255437951","objectName":"李鑫林","objectType":"sys_user","status":"0","updateBy":"李鑫林(lxl)","updateDate":"2023-04-25 15:15:58"})
2023-04-25 15:53:19.976 ERROR --- [MqConsum.java:33][ConsumeMessageThread_ACTION-LOG-GROUP-cloud-eb-oec-application-fm_1] - 
### Error updating database.  Cause: java.sql.SQLIntegrityConstraintViolationException: Duplicate entry '1494181841965965312' for key 'PRIMARY'
### The error may exist in file [E:\work\program\90\fm\back\target\classes\mapper\sys\ActionDao.xml]
### The error may involve defaultParameterMap
### The error occurred while setting parameters
### SQL: INSERT INTO sys_action(      id,       action_type,       object_type,       object_id,       object_name,       object_comments,       status,       remarks,       create_by,       create_date,       update_by,       update_date,       del_flag      ) VALUES (      ?,       ?,       ?,       ?,       ?,       ?,       ?,       ?,       ?,       ?,       ?,       ?,       ?      )
### Cause: java.sql.SQLIntegrityConstraintViolationException: Duplicate entry '1494181841965965312' for key 'PRIMARY'
; Duplicate entry '1494181841965965312' for key 'PRIMARY'; nested exception is java.sql.SQLIntegrityConstraintViolationException: Duplicate entry '1494181841965965312' for key 'PRIMARY'
2023-04-25 16:02:20.291 ERROR --- [MqConsum.java:32][ConsumeMessageThread_ACTION-LOG-GROUP-cloud-eb-oec-application-fm_1] - 【ERROR】消息消费失败: ==>>  MyMessage(id=2839aebb-a153-4df5-80b7-7e4e0e4ac3fb, message={"actionRecycleList":[],"actionType":{"busTableComments":"","busTableHasDelFlag":true,"busTableId":"1290867985774919713","busTableName":"sys_dict_item","delFlag":"0","value":"login"},"busTableComments":"","busTableHasDelFlag":true,"busTableId":"1220000000000000005","busTableName":"sys_action","createBy":"李鑫林(lxl)","createDate":"2023-04-25 15:15:58","delFlag":"0","id":"1494181841965965312","objectComments":"","objectId":"1467557202255437951","objectName":"李鑫林","objectType":"sys_user","status":"0","updateBy":"李鑫林(lxl)","updateDate":"2023-04-25 15:15:58"})
2023-04-25 16:02:20.291 ERROR --- [MqConsum.java:33][ConsumeMessageThread_ACTION-LOG-GROUP-cloud-eb-oec-application-fm_1] - 
### Error updating database.  Cause: java.sql.SQLIntegrityConstraintViolationException: Duplicate entry '1494181841965965312' for key 'PRIMARY'
### The error may exist in file [E:\work\program\90\fm\back\target\classes\mapper\sys\ActionDao.xml]
### The error may involve defaultParameterMap
### The error occurred while setting parameters
### SQL: INSERT INTO sys_action(      id,       action_type,       object_type,       object_id,       object_name,       object_comments,       status,       remarks,       create_by,       create_date,       update_by,       update_date,       del_flag      ) VALUES (      ?,       ?,       ?,       ?,       ?,       ?,       ?,       ?,       ?,       ?,       ?,       ?,       ?      )
### Cause: java.sql.SQLIntegrityConstraintViolationException: Duplicate entry '1494181841965965312' for key 'PRIMARY'
; Duplicate entry '1494181841965965312' for key 'PRIMARY'; nested exception is java.sql.SQLIntegrityConstraintViolationException: Duplicate entry '1494181841965965312' for key 'PRIMARY'
2023-04-25 16:02:21.532 ERROR --- [MqConsum.java:32][ConsumeMessageThread_ACTION-LOG-GROUP-cloud-eb-oec-application-fm_1] - 【ERROR】消息消费失败: ==>>  MyMessage(id=2839aebb-a153-4df5-80b7-7e4e0e4ac3fb, message={"actionRecycleList":[],"actionType":{"busTableComments":"","busTableHasDelFlag":true,"busTableId":"1290867985774919713","busTableName":"sys_dict_item","delFlag":"0","value":"login"},"busTableComments":"","busTableHasDelFlag":true,"busTableId":"1220000000000000005","busTableName":"sys_action","createBy":"李鑫林(lxl)","createDate":"2023-04-25 15:15:58","delFlag":"0","id":"1494181841965965312","objectComments":"","objectId":"1467557202255437951","objectName":"李鑫林","objectType":"sys_user","status":"0","updateBy":"李鑫林(lxl)","updateDate":"2023-04-25 15:15:58"})
2023-04-25 16:02:21.533 ERROR --- [MqConsum.java:33][ConsumeMessageThread_ACTION-LOG-GROUP-cloud-eb-oec-application-fm_1] - 
### Error updating database.  Cause: java.sql.SQLIntegrityConstraintViolationException: Duplicate entry '1494181841965965312' for key 'PRIMARY'
### The error may exist in file [E:\work\program\90\fm\back\target\classes\mapper\sys\ActionDao.xml]
### The error may involve defaultParameterMap
### The error occurred while setting parameters
### SQL: INSERT INTO sys_action(      id,       action_type,       object_type,       object_id,       object_name,       object_comments,       status,       remarks,       create_by,       create_date,       update_by,       update_date,       del_flag      ) VALUES (      ?,       ?,       ?,       ?,       ?,       ?,       ?,       ?,       ?,       ?,       ?,       ?,       ?      )
### Cause: java.sql.SQLIntegrityConstraintViolationException: Duplicate entry '1494181841965965312' for key 'PRIMARY'
; Duplicate entry '1494181841965965312' for key 'PRIMARY'; nested exception is java.sql.SQLIntegrityConstraintViolationException: Duplicate entry '1494181841965965312' for key 'PRIMARY'
2023-04-25 16:02:23.752 ERROR --- [MqConsum.java:32][ConsumeMessageThread_ACTION-LOG-GROUP-cloud-eb-oec-application-fm_1] - 【ERROR】消息消费失败: ==>>  MyMessage(id=2839aebb-a153-4df5-80b7-7e4e0e4ac3fb, message={"actionRecycleList":[],"actionType":{"busTableComments":"","busTableHasDelFlag":true,"busTableId":"1290867985774919713","busTableName":"sys_dict_item","delFlag":"0","value":"login"},"busTableComments":"","busTableHasDelFlag":true,"busTableId":"1220000000000000005","busTableName":"sys_action","createBy":"李鑫林(lxl)","createDate":"2023-04-25 15:15:58","delFlag":"0","id":"1494181841965965312","objectComments":"","objectId":"1467557202255437951","objectName":"李鑫林","objectType":"sys_user","status":"0","updateBy":"李鑫林(lxl)","updateDate":"2023-04-25 15:15:58"})
2023-04-25 16:02:23.752 ERROR --- [MqConsum.java:33][ConsumeMessageThread_ACTION-LOG-GROUP-cloud-eb-oec-application-fm_1] - 
### Error updating database.  Cause: java.sql.SQLIntegrityConstraintViolationException: Duplicate entry '1494181841965965312' for key 'PRIMARY'
### The error may exist in file [E:\work\program\90\fm\back\target\classes\mapper\sys\ActionDao.xml]
### The error may involve defaultParameterMap
### The error occurred while setting parameters
### SQL: INSERT INTO sys_action(      id,       action_type,       object_type,       object_id,       object_name,       object_comments,       status,       remarks,       create_by,       create_date,       update_by,       update_date,       del_flag      ) VALUES (      ?,       ?,       ?,       ?,       ?,       ?,       ?,       ?,       ?,       ?,       ?,       ?,       ?      )
### Cause: java.sql.SQLIntegrityConstraintViolationException: Duplicate entry '1494181841965965312' for key 'PRIMARY'
; Duplicate entry '1494181841965965312' for key 'PRIMARY'; nested exception is java.sql.SQLIntegrityConstraintViolationException: Duplicate entry '1494181841965965312' for key 'PRIMARY'
2023-04-25 16:12:24.105 ERROR --- [MqConsum.java:32][ConsumeMessageThread_ACTION-LOG-GROUP-cloud-eb-oec-application-fm_1] - 【ERROR】消息消费失败: ==>>  MyMessage(id=2839aebb-a153-4df5-80b7-7e4e0e4ac3fb, message={"actionRecycleList":[],"actionType":{"busTableComments":"","busTableHasDelFlag":true,"busTableId":"1290867985774919713","busTableName":"sys_dict_item","delFlag":"0","value":"login"},"busTableComments":"","busTableHasDelFlag":true,"busTableId":"1220000000000000005","busTableName":"sys_action","createBy":"李鑫林(lxl)","createDate":"2023-04-25 15:15:58","delFlag":"0","id":"1494181841965965312","objectComments":"","objectId":"1467557202255437951","objectName":"李鑫林","objectType":"sys_user","status":"0","updateBy":"李鑫林(lxl)","updateDate":"2023-04-25 15:15:58"})
2023-04-25 16:12:24.105 ERROR --- [MqConsum.java:33][ConsumeMessageThread_ACTION-LOG-GROUP-cloud-eb-oec-application-fm_1] - 
### Error updating database.  Cause: java.sql.SQLIntegrityConstraintViolationException: Duplicate entry '1494181841965965312' for key 'PRIMARY'
### The error may exist in file [E:\work\program\90\fm\back\target\classes\mapper\sys\ActionDao.xml]
### The error may involve defaultParameterMap
### The error occurred while setting parameters
### SQL: INSERT INTO sys_action(      id,       action_type,       object_type,       object_id,       object_name,       object_comments,       status,       remarks,       create_by,       create_date,       update_by,       update_date,       del_flag      ) VALUES (      ?,       ?,       ?,       ?,       ?,       ?,       ?,       ?,       ?,       ?,       ?,       ?,       ?      )
### Cause: java.sql.SQLIntegrityConstraintViolationException: Duplicate entry '1494181841965965312' for key 'PRIMARY'
; Duplicate entry '1494181841965965312' for key 'PRIMARY'; nested exception is java.sql.SQLIntegrityConstraintViolationException: Duplicate entry '1494181841965965312' for key 'PRIMARY'
2023-04-25 16:12:25.350 ERROR --- [MqConsum.java:32][ConsumeMessageThread_ACTION-LOG-GROUP-cloud-eb-oec-application-fm_1] - 【ERROR】消息消费失败: ==>>  MyMessage(id=2839aebb-a153-4df5-80b7-7e4e0e4ac3fb, message={"actionRecycleList":[],"actionType":{"busTableComments":"","busTableHasDelFlag":true,"busTableId":"1290867985774919713","busTableName":"sys_dict_item","delFlag":"0","value":"login"},"busTableComments":"","busTableHasDelFlag":true,"busTableId":"1220000000000000005","busTableName":"sys_action","createBy":"李鑫林(lxl)","createDate":"2023-04-25 15:15:58","delFlag":"0","id":"1494181841965965312","objectComments":"","objectId":"1467557202255437951","objectName":"李鑫林","objectType":"sys_user","status":"0","updateBy":"李鑫林(lxl)","updateDate":"2023-04-25 15:15:58"})
2023-04-25 16:12:25.350 ERROR --- [MqConsum.java:33][ConsumeMessageThread_ACTION-LOG-GROUP-cloud-eb-oec-application-fm_1] - 
### Error updating database.  Cause: java.sql.SQLIntegrityConstraintViolationException: Duplicate entry '1494181841965965312' for key 'PRIMARY'
### The error may exist in file [E:\work\program\90\fm\back\target\classes\mapper\sys\ActionDao.xml]
### The error may involve defaultParameterMap
### The error occurred while setting parameters
### SQL: INSERT INTO sys_action(      id,       action_type,       object_type,       object_id,       object_name,       object_comments,       status,       remarks,       create_by,       create_date,       update_by,       update_date,       del_flag      ) VALUES (      ?,       ?,       ?,       ?,       ?,       ?,       ?,       ?,       ?,       ?,       ?,       ?,       ?      )
### Cause: java.sql.SQLIntegrityConstraintViolationException: Duplicate entry '1494181841965965312' for key 'PRIMARY'
; Duplicate entry '1494181841965965312' for key 'PRIMARY'; nested exception is java.sql.SQLIntegrityConstraintViolationException: Duplicate entry '1494181841965965312' for key 'PRIMARY'
2023-04-25 16:12:27.675 ERROR --- [MqConsum.java:32][ConsumeMessageThread_ACTION-LOG-GROUP-cloud-eb-oec-application-fm_1] - 【ERROR】消息消费失败: ==>>  MyMessage(id=2839aebb-a153-4df5-80b7-7e4e0e4ac3fb, message={"actionRecycleList":[],"actionType":{"busTableComments":"","busTableHasDelFlag":true,"busTableId":"1290867985774919713","busTableName":"sys_dict_item","delFlag":"0","value":"login"},"busTableComments":"","busTableHasDelFlag":true,"busTableId":"1220000000000000005","busTableName":"sys_action","createBy":"李鑫林(lxl)","createDate":"2023-04-25 15:15:58","delFlag":"0","id":"1494181841965965312","objectComments":"","objectId":"1467557202255437951","objectName":"李鑫林","objectType":"sys_user","status":"0","updateBy":"李鑫林(lxl)","updateDate":"2023-04-25 15:15:58"})
2023-04-25 16:12:27.676 ERROR --- [MqConsum.java:33][ConsumeMessageThread_ACTION-LOG-GROUP-cloud-eb-oec-application-fm_1] - 
### Error updating database.  Cause: java.sql.SQLIntegrityConstraintViolationException: Duplicate entry '1494181841965965312' for key 'PRIMARY'
### The error may exist in file [E:\work\program\90\fm\back\target\classes\mapper\sys\ActionDao.xml]
### The error may involve defaultParameterMap
### The error occurred while setting parameters
### SQL: INSERT INTO sys_action(      id,       action_type,       object_type,       object_id,       object_name,       object_comments,       status,       remarks,       create_by,       create_date,       update_by,       update_date,       del_flag      ) VALUES (      ?,       ?,       ?,       ?,       ?,       ?,       ?,       ?,       ?,       ?,       ?,       ?,       ?      )
### Cause: java.sql.SQLIntegrityConstraintViolationException: Duplicate entry '1494181841965965312' for key 'PRIMARY'
; Duplicate entry '1494181841965965312' for key 'PRIMARY'; nested exception is java.sql.SQLIntegrityConstraintViolationException: Duplicate entry '1494181841965965312' for key 'PRIMARY'
2023-04-25 16:19:53.836 INFO  --- [MqConsum.java:30][ConsumeMessageThread_ACTION-LOG-GROUP-cloud-eb-oec-application-fm_1] - 消息消费成功: ==>>  MyMessage(id=a43950bf-a475-4878-9918-017c7ad9f57b, message={"actionRecycleList":[],"actionType":{"busTableComments":"","busTableHasDelFlag":true,"busTableId":"1290867985774919713","busTableName":"sys_dict_item","delFlag":"0","value":"logout"},"busTableComments":"","busTableHasDelFlag":true,"busTableId":"1220000000000000005","busTableName":"sys_action","createBy":"李鑫林(lxl)","createDate":"2023-04-25 16:19:51","delFlag":"0","id":"1494253464840634807","objectComments":"","objectId":"1467557202255437951","objectName":"李鑫林","objectType":"sys_user","status":"0","updateBy":"李鑫林(lxl)","updateDate":"2023-04-25 16:19:51"})
2023-04-25 16:19:58.578 INFO  --- [MqConsum.java:30][ConsumeMessageThread_ACTION-LOG-GROUP-cloud-eb-oec-application-fm_1] - 消息消费成功: ==>>  MyMessage(id=94013467-c11c-4c41-895b-f91a4108ce43, message={"actionRecycleList":[],"actionType":{"busTableComments":"","busTableHasDelFlag":true,"busTableId":"1290867985774919713","busTableName":"sys_dict_item","delFlag":"0","value":"login"},"busTableComments":"","busTableHasDelFlag":true,"busTableId":"1220000000000000005","busTableName":"sys_action","createBy":"李鑫林(lxl)","createDate":"2023-04-25 16:19:55","delFlag":"0","id":"1494253464840634808","objectComments":"","objectId":"1467557202255437951","objectName":"李鑫林","objectType":"sys_user","status":"0","updateBy":"李鑫林(lxl)","updateDate":"2023-04-25 16:19:55"})
2023-04-25 16:32:27.986 ERROR --- [MqConsum.java:32][ConsumeMessageThread_ACTION-LOG-GROUP-cloud-eb-oec-application-fm_1] - 【ERROR】消息消费失败: ==>>  MyMessage(id=2839aebb-a153-4df5-80b7-7e4e0e4ac3fb, message={"actionRecycleList":[],"actionType":{"busTableComments":"","busTableHasDelFlag":true,"busTableId":"1290867985774919713","busTableName":"sys_dict_item","delFlag":"0","value":"login"},"busTableComments":"","busTableHasDelFlag":true,"busTableId":"1220000000000000005","busTableName":"sys_action","createBy":"李鑫林(lxl)","createDate":"2023-04-25 15:15:58","delFlag":"0","id":"1494181841965965312","objectComments":"","objectId":"1467557202255437951","objectName":"李鑫林","objectType":"sys_user","status":"0","updateBy":"李鑫林(lxl)","updateDate":"2023-04-25 15:15:58"})
2023-04-25 16:32:27.986 ERROR --- [MqConsum.java:33][ConsumeMessageThread_ACTION-LOG-GROUP-cloud-eb-oec-application-fm_1] - 
### Error updating database.  Cause: java.sql.SQLIntegrityConstraintViolationException: Duplicate entry '1494181841965965312' for key 'PRIMARY'
### The error may exist in file [E:\work\program\90\fm\back\target\classes\mapper\sys\ActionDao.xml]
### The error may involve defaultParameterMap
### The error occurred while setting parameters
### SQL: INSERT INTO sys_action(      id,       action_type,       object_type,       object_id,       object_name,       object_comments,       status,       remarks,       create_by,       create_date,       update_by,       update_date,       del_flag      ) VALUES (      ?,       ?,       ?,       ?,       ?,       ?,       ?,       ?,       ?,       ?,       ?,       ?,       ?      )
### Cause: java.sql.SQLIntegrityConstraintViolationException: Duplicate entry '1494181841965965312' for key 'PRIMARY'
; Duplicate entry '1494181841965965312' for key 'PRIMARY'; nested exception is java.sql.SQLIntegrityConstraintViolationException: Duplicate entry '1494181841965965312' for key 'PRIMARY'
2023-04-25 16:32:29.210 ERROR --- [MqConsum.java:32][ConsumeMessageThread_ACTION-LOG-GROUP-cloud-eb-oec-application-fm_1] - 【ERROR】消息消费失败: ==>>  MyMessage(id=2839aebb-a153-4df5-80b7-7e4e0e4ac3fb, message={"actionRecycleList":[],"actionType":{"busTableComments":"","busTableHasDelFlag":true,"busTableId":"1290867985774919713","busTableName":"sys_dict_item","delFlag":"0","value":"login"},"busTableComments":"","busTableHasDelFlag":true,"busTableId":"1220000000000000005","busTableName":"sys_action","createBy":"李鑫林(lxl)","createDate":"2023-04-25 15:15:58","delFlag":"0","id":"1494181841965965312","objectComments":"","objectId":"1467557202255437951","objectName":"李鑫林","objectType":"sys_user","status":"0","updateBy":"李鑫林(lxl)","updateDate":"2023-04-25 15:15:58"})
2023-04-25 16:32:29.210 ERROR --- [MqConsum.java:33][ConsumeMessageThread_ACTION-LOG-GROUP-cloud-eb-oec-application-fm_1] - 
### Error updating database.  Cause: java.sql.SQLIntegrityConstraintViolationException: Duplicate entry '1494181841965965312' for key 'PRIMARY'
### The error may exist in file [E:\work\program\90\fm\back\target\classes\mapper\sys\ActionDao.xml]
### The error may involve defaultParameterMap
### The error occurred while setting parameters
### SQL: INSERT INTO sys_action(      id,       action_type,       object_type,       object_id,       object_name,       object_comments,       status,       remarks,       create_by,       create_date,       update_by,       update_date,       del_flag      ) VALUES (      ?,       ?,       ?,       ?,       ?,       ?,       ?,       ?,       ?,       ?,       ?,       ?,       ?      )
### Cause: java.sql.SQLIntegrityConstraintViolationException: Duplicate entry '1494181841965965312' for key 'PRIMARY'
; Duplicate entry '1494181841965965312' for key 'PRIMARY'; nested exception is java.sql.SQLIntegrityConstraintViolationException: Duplicate entry '1494181841965965312' for key 'PRIMARY'
2023-04-25 16:32:31.426 ERROR --- [MqConsum.java:32][ConsumeMessageThread_ACTION-LOG-GROUP-cloud-eb-oec-application-fm_1] - 【ERROR】消息消费失败: ==>>  MyMessage(id=2839aebb-a153-4df5-80b7-7e4e0e4ac3fb, message={"actionRecycleList":[],"actionType":{"busTableComments":"","busTableHasDelFlag":true,"busTableId":"1290867985774919713","busTableName":"sys_dict_item","delFlag":"0","value":"login"},"busTableComments":"","busTableHasDelFlag":true,"busTableId":"1220000000000000005","busTableName":"sys_action","createBy":"李鑫林(lxl)","createDate":"2023-04-25 15:15:58","delFlag":"0","id":"1494181841965965312","objectComments":"","objectId":"1467557202255437951","objectName":"李鑫林","objectType":"sys_user","status":"0","updateBy":"李鑫林(lxl)","updateDate":"2023-04-25 15:15:58"})
2023-04-25 16:32:31.426 ERROR --- [MqConsum.java:33][ConsumeMessageThread_ACTION-LOG-GROUP-cloud-eb-oec-application-fm_1] - 
### Error updating database.  Cause: java.sql.SQLIntegrityConstraintViolationException: Duplicate entry '1494181841965965312' for key 'PRIMARY'
### The error may exist in file [E:\work\program\90\fm\back\target\classes\mapper\sys\ActionDao.xml]
### The error may involve defaultParameterMap
### The error occurred while setting parameters
### SQL: INSERT INTO sys_action(      id,       action_type,       object_type,       object_id,       object_name,       object_comments,       status,       remarks,       create_by,       create_date,       update_by,       update_date,       del_flag      ) VALUES (      ?,       ?,       ?,       ?,       ?,       ?,       ?,       ?,       ?,       ?,       ?,       ?,       ?      )
### Cause: java.sql.SQLIntegrityConstraintViolationException: Duplicate entry '1494181841965965312' for key 'PRIMARY'
; Duplicate entry '1494181841965965312' for key 'PRIMARY'; nested exception is java.sql.SQLIntegrityConstraintViolationException: Duplicate entry '1494181841965965312' for key 'PRIMARY'
2023-04-25 16:37:48.852 INFO  --- [MqConsum.java:30][ConsumeMessageThread_ACTION-LOG-GROUP-cloud-eb-oec-application-fm_1] - 消息消费成功: ==>>  MyMessage(id=daaf6b08-8f60-4895-a8bd-d2214cf3816e, message={"actionRecycleList":[],"actionType":{"busTableComments":"","busTableHasDelFlag":true,"busTableId":"1290867985774919713","busTableName":"sys_dict_item","delFlag":"0","value":"created"},"busTableComments":"","busTableHasDelFlag":true,"busTableId":"1220000000000000005","busTableName":"sys_action","createBy":"超级管理员(super)","createDate":"2023-04-25 16:37:45","delFlag":"0","id":"1494265525108809736","objectComments":"","objectId":"1494265525108809732","objectName":"导出制证","objectType":"sys_resource","status":"0","updateBy":"超级管理员(super)","updateDate":"2023-04-25 16:37:45"})
2023-04-25 16:37:49.204 INFO  --- [MqConsum.java:30][ConsumeMessageThread_ACTION-LOG-GROUP-cloud-eb-oec-application-fm_1] - 消息消费成功: ==>>  MyMessage(id=71d0297d-f09e-4f32-a379-d2dea7c79cfe, message={"actionRecycleList":[],"actionType":{"busTableComments":"","busTableHasDelFlag":true,"busTableId":"1290867985774919713","busTableName":"sys_dict_item","delFlag":"0","value":"created"},"busTableComments":"","busTableHasDelFlag":true,"busTableId":"1220000000000000005","busTableName":"sys_action","createBy":"超级管理员(super)","createDate":"2023-04-25 16:37:45","delFlag":"0","id":"1494265525108809740","objectComments":"","objectId":"1494265525108809733","objectName":"查看制证","objectType":"sys_resource","status":"0","updateBy":"超级管理员(super)","updateDate":"2023-04-25 16:37:45"})
2023-04-25 17:02:32.078 ERROR --- [MqConsum.java:32][ConsumeMessageThread_ACTION-LOG-GROUP-cloud-eb-oec-application-fm_1] - 【ERROR】消息消费失败: ==>>  MyMessage(id=2839aebb-a153-4df5-80b7-7e4e0e4ac3fb, message={"actionRecycleList":[],"actionType":{"busTableComments":"","busTableHasDelFlag":true,"busTableId":"1290867985774919713","busTableName":"sys_dict_item","delFlag":"0","value":"login"},"busTableComments":"","busTableHasDelFlag":true,"busTableId":"1220000000000000005","busTableName":"sys_action","createBy":"李鑫林(lxl)","createDate":"2023-04-25 15:15:58","delFlag":"0","id":"1494181841965965312","objectComments":"","objectId":"1467557202255437951","objectName":"李鑫林","objectType":"sys_user","status":"0","updateBy":"李鑫林(lxl)","updateDate":"2023-04-25 15:15:58"})
2023-04-25 17:02:32.079 ERROR --- [MqConsum.java:33][ConsumeMessageThread_ACTION-LOG-GROUP-cloud-eb-oec-application-fm_1] - 
### Error updating database.  Cause: java.sql.SQLIntegrityConstraintViolationException: Duplicate entry '1494181841965965312' for key 'PRIMARY'
### The error may exist in file [E:\work\program\90\fm\back\target\classes\mapper\sys\ActionDao.xml]
### The error may involve defaultParameterMap
### The error occurred while setting parameters
### SQL: INSERT INTO sys_action(      id,       action_type,       object_type,       object_id,       object_name,       object_comments,       status,       remarks,       create_by,       create_date,       update_by,       update_date,       del_flag      ) VALUES (      ?,       ?,       ?,       ?,       ?,       ?,       ?,       ?,       ?,       ?,       ?,       ?,       ?      )
### Cause: java.sql.SQLIntegrityConstraintViolationException: Duplicate entry '1494181841965965312' for key 'PRIMARY'
; Duplicate entry '1494181841965965312' for key 'PRIMARY'; nested exception is java.sql.SQLIntegrityConstraintViolationException: Duplicate entry '1494181841965965312' for key 'PRIMARY'
2023-04-25 17:02:33.311 ERROR --- [MqConsum.java:32][ConsumeMessageThread_ACTION-LOG-GROUP-cloud-eb-oec-application-fm_1] - 【ERROR】消息消费失败: ==>>  MyMessage(id=2839aebb-a153-4df5-80b7-7e4e0e4ac3fb, message={"actionRecycleList":[],"actionType":{"busTableComments":"","busTableHasDelFlag":true,"busTableId":"1290867985774919713","busTableName":"sys_dict_item","delFlag":"0","value":"login"},"busTableComments":"","busTableHasDelFlag":true,"busTableId":"1220000000000000005","busTableName":"sys_action","createBy":"李鑫林(lxl)","createDate":"2023-04-25 15:15:58","delFlag":"0","id":"1494181841965965312","objectComments":"","objectId":"1467557202255437951","objectName":"李鑫林","objectType":"sys_user","status":"0","updateBy":"李鑫林(lxl)","updateDate":"2023-04-25 15:15:58"})
2023-04-25 17:02:33.312 ERROR --- [MqConsum.java:33][ConsumeMessageThread_ACTION-LOG-GROUP-cloud-eb-oec-application-fm_1] - 
### Error updating database.  Cause: java.sql.SQLIntegrityConstraintViolationException: Duplicate entry '1494181841965965312' for key 'PRIMARY'
### The error may exist in file [E:\work\program\90\fm\back\target\classes\mapper\sys\ActionDao.xml]
### The error may involve defaultParameterMap
### The error occurred while setting parameters
### SQL: INSERT INTO sys_action(      id,       action_type,       object_type,       object_id,       object_name,       object_comments,       status,       remarks,       create_by,       create_date,       update_by,       update_date,       del_flag      ) VALUES (      ?,       ?,       ?,       ?,       ?,       ?,       ?,       ?,       ?,       ?,       ?,       ?,       ?      )
### Cause: java.sql.SQLIntegrityConstraintViolationException: Duplicate entry '1494181841965965312' for key 'PRIMARY'
; Duplicate entry '1494181841965965312' for key 'PRIMARY'; nested exception is java.sql.SQLIntegrityConstraintViolationException: Duplicate entry '1494181841965965312' for key 'PRIMARY'
2023-04-25 17:02:35.561 ERROR --- [MqConsum.java:32][ConsumeMessageThread_ACTION-LOG-GROUP-cloud-eb-oec-application-fm_1] - 【ERROR】消息消费失败: ==>>  MyMessage(id=2839aebb-a153-4df5-80b7-7e4e0e4ac3fb, message={"actionRecycleList":[],"actionType":{"busTableComments":"","busTableHasDelFlag":true,"busTableId":"1290867985774919713","busTableName":"sys_dict_item","delFlag":"0","value":"login"},"busTableComments":"","busTableHasDelFlag":true,"busTableId":"1220000000000000005","busTableName":"sys_action","createBy":"李鑫林(lxl)","createDate":"2023-04-25 15:15:58","delFlag":"0","id":"1494181841965965312","objectComments":"","objectId":"1467557202255437951","objectName":"李鑫林","objectType":"sys_user","status":"0","updateBy":"李鑫林(lxl)","updateDate":"2023-04-25 15:15:58"})
2023-04-25 17:02:35.562 ERROR --- [MqConsum.java:33][ConsumeMessageThread_ACTION-LOG-GROUP-cloud-eb-oec-application-fm_1] - 
### Error updating database.  Cause: java.sql.SQLIntegrityConstraintViolationException: Duplicate entry '1494181841965965312' for key 'PRIMARY'
### The error may exist in file [E:\work\program\90\fm\back\target\classes\mapper\sys\ActionDao.xml]
### The error may involve defaultParameterMap
### The error occurred while setting parameters
### SQL: INSERT INTO sys_action(      id,       action_type,       object_type,       object_id,       object_name,       object_comments,       status,       remarks,       create_by,       create_date,       update_by,       update_date,       del_flag      ) VALUES (      ?,       ?,       ?,       ?,       ?,       ?,       ?,       ?,       ?,       ?,       ?,       ?,       ?      )
### Cause: java.sql.SQLIntegrityConstraintViolationException: Duplicate entry '1494181841965965312' for key 'PRIMARY'
; Duplicate entry '1494181841965965312' for key 'PRIMARY'; nested exception is java.sql.SQLIntegrityConstraintViolationException: Duplicate entry '1494181841965965312' for key 'PRIMARY'
2023-04-25 17:39:12.651 INFO  --- [MqConsum.java:30][ConsumeMessageThread_ACTION-LOG-GROUP-cloud-eb-oec-application-fm_1] - 消息消费成功: ==>>  MyMessage(id=91cb0aa8-d0c2-44cf-b929-b6c1c793134e, message={"actionRecycleList":[],"actionType":{"busTableComments":"","busTableHasDelFlag":true,"busTableId":"1290867985774919713","busTableName":"sys_dict_item","delFlag":"0","value":"login"},"busTableComments":"","busTableHasDelFlag":true,"busTableId":"1220000000000000005","busTableName":"sys_action","createBy":"李鑫林(lxl)","createDate":"2023-04-25 17:39:12","delFlag":"0","id":"1494337714919145474","objectComments":"","objectId":"1467557202255437951","objectName":"李鑫林","objectType":"sys_user","status":"0","updateBy":"李鑫林(lxl)","updateDate":"2023-04-25 17:39:12"})
2023-04-25 17:39:25.792 INFO  --- [MqConsum.java:30][ConsumeMessageThread_ACTION-LOG-GROUP-cloud-eb-oec-application-fm_1] - 消息消费成功: ==>>  MyMessage(id=e59440b4-b475-4212-a124-6eecf77b927b, message={"actionRecycleList":[],"actionType":{"busTableComments":"","busTableHasDelFlag":true,"busTableId":"1290867985774919713","busTableName":"sys_dict_item","delFlag":"0","value":"login"},"busTableComments":"","busTableHasDelFlag":true,"busTableId":"1220000000000000005","busTableName":"sys_action","createBy":"系统管理员(system)","createDate":"2023-04-25 17:39:25","delFlag":"0","id":"1494337714919145475","objectComments":"","objectId":"1001","objectName":"系统管理员","objectType":"sys_user","status":"0","updateBy":"系统管理员(system)","updateDate":"2023-04-25 17:39:25"})
2023-04-25 17:39:33.382 INFO  --- [MqConsum.java:30][ConsumeMessageThread_ACTION-LOG-GROUP-cloud-eb-oec-application-fm_1] - 消息消费成功: ==>>  MyMessage(id=28191f1c-ca3a-4e74-a789-c76f0ee5d905, message={"actionRecycleList":[],"actionType":{"busTableComments":"","busTableHasDelFlag":true,"busTableId":"1290867985774919713","busTableName":"sys_dict_item","delFlag":"0","value":"logout"},"busTableComments":"","busTableHasDelFlag":true,"busTableId":"1220000000000000005","busTableName":"sys_action","createBy":"系统管理员(system)","createDate":"2023-04-25 17:39:33","delFlag":"0","id":"1494337714919145476","objectComments":"","objectId":"1001","objectName":"系统管理员","objectType":"sys_user","status":"0","updateBy":"系统管理员(system)","updateDate":"2023-04-25 17:39:33"})
2023-04-25 17:39:37.659 INFO  --- [MqConsum.java:30][ConsumeMessageThread_ACTION-LOG-GROUP-cloud-eb-oec-application-fm_1] - 消息消费成功: ==>>  MyMessage(id=7c06680d-b968-4fba-828a-842c48ff9c17, message={"actionRecycleList":[],"actionType":{"busTableComments":"","busTableHasDelFlag":true,"busTableId":"1290867985774919713","busTableName":"sys_dict_item","delFlag":"0","value":"login"},"busTableComments":"","busTableHasDelFlag":true,"busTableId":"1220000000000000005","busTableName":"sys_action","createBy":"李鑫林(lxl)","createDate":"2023-04-25 17:39:37","delFlag":"0","id":"1494337714919145477","objectComments":"","objectId":"1467557202255437951","objectName":"李鑫林","objectType":"sys_user","status":"0","updateBy":"李鑫林(lxl)","updateDate":"2023-04-25 17:39:37"})
