2023-04-28 09:11:25.140 INFO  --- [MqProduce.java:34][SimpleAsyncTaskExecutor-1] - 消息发送成功: ==>> 
唯一标识: 16e3de44-a51d-41c8-a688-b7ec48a7ae69 
消息内容{"actionRecycleList":[],"actionType":{"busTableComments":"","busTableHasDelFlag":true,"busTableId":"1290867985774919713","busTableName":"sys_dict_item","delFlag":"0","value":"login"},"busTableComments":"","busTableHasDelFlag":true,"busTableId":"1220000000000000005","busTableName":"sys_action","createBy":"李鑫林(lxl)","createDate":"2023-04-28 09:11:24","delFlag":"0","id":"1498267094599491584","objectComments":"","objectId":"1467557202255437951","objectName":"李鑫林","objectType":"sys_user","status":"0","updateBy":"李鑫林(lxl)","updateDate":"2023-04-28 09:11:24"}
2023-04-28 09:11:25.392 INFO  --- [MqConsum.java:30][ConsumeMessageThread_ACTION-LOG-GROUP-cloud-eb-oec-application-fm_1] - 消息消费成功: ==>>  MyMessage(id=16e3de44-a51d-41c8-a688-b7ec48a7ae69, message={"actionRecycleList":[],"actionType":{"busTableComments":"","busTableHasDelFlag":true,"busTableId":"1290867985774919713","busTableName":"sys_dict_item","delFlag":"0","value":"login"},"busTableComments":"","busTableHasDelFlag":true,"busTableId":"1220000000000000005","busTableName":"sys_action","createBy":"李鑫林(lxl)","createDate":"2023-04-28 09:11:24","delFlag":"0","id":"1498267094599491584","objectComments":"","objectId":"1467557202255437951","objectName":"李鑫林","objectType":"sys_user","status":"0","updateBy":"李鑫林(lxl)","updateDate":"2023-04-28 09:11:24"})
2023-04-28 09:31:18.741 INFO  --- [MqConsum.java:30][ConsumeMessageThread_ACTION-LOG-GROUP-cloud-eb-oec-application-fm_1] - 消息消费成功: ==>>  MyMessage(id=b5691d84-7cd4-4eab-adaf-7e546df154d2, message={"actionRecycleList":[],"actionType":{"busTableComments":"","busTableHasDelFlag":true,"busTableId":"1290867985774919713","busTableName":"sys_dict_item","delFlag":"0","value":"login"},"busTableComments":"","busTableHasDelFlag":true,"busTableId":"1220000000000000005","busTableName":"sys_action","createBy":"李鑫林(lxl)","createDate":"2023-04-28 09:31:18","delFlag":"0","id":"1498287195046445056","objectComments":"","objectId":"1467557202255437951","objectName":"李鑫林","objectType":"sys_user","status":"0","updateBy":"李鑫林(lxl)","updateDate":"2023-04-28 09:31:18"})
2023-04-28 09:40:09.063 ERROR --- [MqConsum.java:32][ConsumeMessageThread_ACTION-LOG-GROUP-cloud-eb-oec-application-fm_1] - 【ERROR】消息消费失败: ==>>  MyMessage(id=d1b51c43-fff5-41a9-ad40-ea99aaa8ae5e, message={"actionRecycleList":[],"actionType":{"busTableComments":"","busTableHasDelFlag":true,"busTableId":"1290867985774919713","busTableName":"sys_dict_item","delFlag":"0","value":"login"},"busTableComments":"","busTableHasDelFlag":true,"busTableId":"1220000000000000005","busTableName":"sys_action","createBy":"李鑫林(lxl)","createDate":"2023-04-28 09:36:53","delFlag":"0","id":"1498293122101321728","objectComments":"","objectId":"1467557202255437951","objectName":"李鑫林","objectType":"sys_user","status":"0","updateBy":"李鑫林(lxl)","updateDate":"2023-04-28 09:36:53"})
2023-04-28 09:40:09.064 ERROR --- [MqConsum.java:33][ConsumeMessageThread_ACTION-LOG-GROUP-cloud-eb-oec-application-fm_1] - 
### Error updating database.  Cause: java.sql.SQLIntegrityConstraintViolationException: Duplicate entry '1498293122101321728' for key 'PRIMARY'
### The error may exist in file [E:\work\program\90\fm\back\target\classes\mapper\sys\ActionDao.xml]
### The error may involve defaultParameterMap
### The error occurred while setting parameters
### SQL: INSERT INTO sys_action(      id,       action_type,       object_type,       object_id,       object_name,       object_comments,       status,       remarks,       create_by,       create_date,       update_by,       update_date,       del_flag      ) VALUES (      ?,       ?,       ?,       ?,       ?,       ?,       ?,       ?,       ?,       ?,       ?,       ?,       ?      )
### Cause: java.sql.SQLIntegrityConstraintViolationException: Duplicate entry '1498293122101321728' for key 'PRIMARY'
; Duplicate entry '1498293122101321728' for key 'PRIMARY'; nested exception is java.sql.SQLIntegrityConstraintViolationException: Duplicate entry '1498293122101321728' for key 'PRIMARY'
2023-04-28 09:41:25.063 ERROR --- [MqConsum.java:32][ConsumeMessageThread_ACTION-LOG-GROUP-cloud-eb-oec-application-fm_1] - 【ERROR】消息消费失败: ==>>  MyMessage(id=d1b51c43-fff5-41a9-ad40-ea99aaa8ae5e, message={"actionRecycleList":[],"actionType":{"busTableComments":"","busTableHasDelFlag":true,"busTableId":"1290867985774919713","busTableName":"sys_dict_item","delFlag":"0","value":"login"},"busTableComments":"","busTableHasDelFlag":true,"busTableId":"1220000000000000005","busTableName":"sys_action","createBy":"李鑫林(lxl)","createDate":"2023-04-28 09:36:53","delFlag":"0","id":"1498293122101321728","objectComments":"","objectId":"1467557202255437951","objectName":"李鑫林","objectType":"sys_user","status":"0","updateBy":"李鑫林(lxl)","updateDate":"2023-04-28 09:36:53"})
2023-04-28 09:41:55.122 ERROR --- [MqConsum.java:33][ConsumeMessageThread_ACTION-LOG-GROUP-cloud-eb-oec-application-fm_1] - Could not open JDBC Connection for transaction; nested exception is java.sql.SQLTransientConnectionException: master - Connection is not available, request timed out after 55280ms.
2023-04-28 09:42:48.168 ERROR --- [MqConsum.java:32][ConsumeMessageThread_ACTION-LOG-GROUP-cloud-eb-oec-application-fm_1] - 【ERROR】消息消费失败: ==>>  MyMessage(id=d1b51c43-fff5-41a9-ad40-ea99aaa8ae5e, message={"actionRecycleList":[],"actionType":{"busTableComments":"","busTableHasDelFlag":true,"busTableId":"1290867985774919713","busTableName":"sys_dict_item","delFlag":"0","value":"login"},"busTableComments":"","busTableHasDelFlag":true,"busTableId":"1220000000000000005","busTableName":"sys_action","createBy":"李鑫林(lxl)","createDate":"2023-04-28 09:36:53","delFlag":"0","id":"1498293122101321728","objectComments":"","objectId":"1467557202255437951","objectName":"李鑫林","objectType":"sys_user","status":"0","updateBy":"李鑫林(lxl)","updateDate":"2023-04-28 09:36:53"})
2023-04-28 09:42:48.169 ERROR --- [MqConsum.java:33][ConsumeMessageThread_ACTION-LOG-GROUP-cloud-eb-oec-application-fm_1] - 
### Error updating database.  Cause: java.sql.SQLIntegrityConstraintViolationException: Duplicate entry '1498293122101321728' for key 'PRIMARY'
### The error may exist in file [E:\work\program\90\fm\back\target\classes\mapper\sys\ActionDao.xml]
### The error may involve defaultParameterMap
### The error occurred while setting parameters
### SQL: INSERT INTO sys_action(      id,       action_type,       object_type,       object_id,       object_name,       object_comments,       status,       remarks,       create_by,       create_date,       update_by,       update_date,       del_flag      ) VALUES (      ?,       ?,       ?,       ?,       ?,       ?,       ?,       ?,       ?,       ?,       ?,       ?,       ?      )
### Cause: java.sql.SQLIntegrityConstraintViolationException: Duplicate entry '1498293122101321728' for key 'PRIMARY'
; Duplicate entry '1498293122101321728' for key 'PRIMARY'; nested exception is java.sql.SQLIntegrityConstraintViolationException: Duplicate entry '1498293122101321728' for key 'PRIMARY'
2023-04-28 10:37:46.980 INFO  --- [MqProduce.java:34][SimpleAsyncTaskExecutor-1] - 消息发送成功: ==>> 
唯一标识: 61f4ea46-9db4-4670-8727-855773f21142 
消息内容{"actionRecycleList":[],"actionType":{"busTableComments":"","busTableHasDelFlag":true,"busTableId":"1290867985774919713","busTableName":"sys_dict_item","delFlag":"0","value":"logout"},"busTableComments":"","busTableHasDelFlag":true,"busTableId":"1220000000000000005","busTableName":"sys_action","createBy":"李鑫林(lxl)","createDate":"2023-04-28 10:37:46","delFlag":"0","id":"1498353784219459584","objectComments":"","objectId":"1467557202255437951","objectName":"李鑫林","objectType":"sys_user","status":"0","updateBy":"李鑫林(lxl)","updateDate":"2023-04-28 10:37:46"}
2023-04-28 10:37:47.232 INFO  --- [MqConsum.java:30][ConsumeMessageThread_ACTION-LOG-GROUP-cloud-eb-oec-application-fm_1] - 消息消费成功: ==>>  MyMessage(id=61f4ea46-9db4-4670-8727-855773f21142, message={"actionRecycleList":[],"actionType":{"busTableComments":"","busTableHasDelFlag":true,"busTableId":"1290867985774919713","busTableName":"sys_dict_item","delFlag":"0","value":"logout"},"busTableComments":"","busTableHasDelFlag":true,"busTableId":"1220000000000000005","busTableName":"sys_action","createBy":"李鑫林(lxl)","createDate":"2023-04-28 10:37:46","delFlag":"0","id":"1498353784219459584","objectComments":"","objectId":"1467557202255437951","objectName":"李鑫林","objectType":"sys_user","status":"0","updateBy":"李鑫林(lxl)","updateDate":"2023-04-28 10:37:46"})
2023-04-28 10:37:51.505 INFO  --- [MqProduce.java:34][SimpleAsyncTaskExecutor-2] - 消息发送成功: ==>> 
唯一标识: 46bb71aa-5553-4ed2-bde4-b9e817ec9965 
消息内容{"actionRecycleList":[],"actionType":{"busTableComments":"","busTableHasDelFlag":true,"busTableId":"1290867985774919713","busTableName":"sys_dict_item","delFlag":"0","value":"login"},"busTableComments":"","busTableHasDelFlag":true,"busTableId":"1220000000000000005","busTableName":"sys_action","createBy":"李鑫林(lxl)","createDate":"2023-04-28 10:37:51","delFlag":"0","id":"1498353784219459585","objectComments":"","objectId":"1467557202255437951","objectName":"李鑫林","objectType":"sys_user","status":"0","updateBy":"李鑫林(lxl)","updateDate":"2023-04-28 10:37:51"}
2023-04-28 14:26:16.867 INFO  --- [MqProduce.java:34][SimpleAsyncTaskExecutor-1] - 消息发送成功: ==>> 
唯一标识: b10f15bd-b4a4-4eb8-b93f-f5828d1d6740 
消息内容{"actionRecycleList":[],"actionType":{"busTableComments":"","busTableHasDelFlag":true,"busTableId":"1290867985774919713","busTableName":"sys_dict_item","delFlag":"0","value":"login"},"busTableComments":"","busTableHasDelFlag":true,"busTableId":"1220000000000000005","busTableName":"sys_action","createBy":"李鑫林(lxl)","createDate":"2023-04-28 14:26:16","delFlag":"0","id":"1498591794127200256","objectComments":"","objectId":"1467557202255437951","objectName":"李鑫林","objectType":"sys_user","status":"0","updateBy":"李鑫林(lxl)","updateDate":"2023-04-28 14:26:16"}
